<?xml version="1.0" encoding="UTF-8"?>
<testng-results ignored="1" total="2" passed="1" failed="0" skipped="0">
  <reporter-output>
  </reporter-output>
  <suite started-at="2020-12-14T17:45:41 GMT-06:00" name="Default suite" finished-at="2020-12-14T17:45:48 GMT-06:00" duration-ms="7003">
    <groups>
    </groups>
    <test started-at="2020-12-14T17:45:41 GMT-06:00" name="Default test" finished-at="2020-12-14T17:45:48 GMT-06:00" duration-ms="7003">
      <class name="TestMRS.LogTest">
        <test-method is-config="true" signature="SetUp()[pri:0, instance:TestMRS.LogTest@49049a04]" started-at="2020-12-14T17:45:41 GMT-06:00" name="SetUp" finished-at="2020-12-14T17:45:48 GMT-06:00" duration-ms="6914" status="PASS">
          <reporter-output>
          </reporter-output>
        </test-method> <!-- SetUp -->
        <test-method signature="JustChecking()[pri:0, instance:TestMRS.LogTest@49049a04]" started-at="2020-12-14T17:45:48 GMT-06:00" name="JustChecking" finished-at="2020-12-14T17:45:48 GMT-06:00" duration-ms="5" status="PASS">
          <reporter-output>
          </reporter-output>
        </test-method> <!-- JustChecking -->
        <test-method is-config="true" signature="TearDown()[pri:0, instance:TestMRS.LogTest@49049a04]" started-at="2020-12-14T17:45:48 GMT-06:00" name="TearDown" finished-at="2020-12-14T17:45:48 GMT-06:00" duration-ms="50" status="PASS">
          <reporter-output>
          </reporter-output>
        </test-method> <!-- TearDown -->
      </class> <!-- TestMRS.LogTest -->
    </test> <!-- Default test -->
  </suite> <!-- Default suite -->
</testng-results>
